<?xml version="1.0" encoding="UTF-8"?>
<testng-results ignored="0" total="1" passed="1" failed="0" skipped="0">
  <reporter-output>
  </reporter-output>
  <suite started-at="2023-12-16T17:52:00 IST" name="Default suite" finished-at="2023-12-16T17:52:33 IST" duration-ms="32891">
    <groups>
      <group name="cucumber">
        <method signature="AbstractTestNGCucumberTests.runScenario(io.cucumber.testng.PickleWrapper,io.cucumber.testng.FeatureWrapper)[pri:0, instance:com.mindtree.runner.TestNGRunner@5e2c3d18]" name="runScenario" class="io.cucumber.testng.AbstractTestNGCucumberTests"/>
      </group> <!-- cucumber -->
    </groups>
    <test started-at="2023-12-16T17:52:00 IST" name="Default test" finished-at="2023-12-16T17:52:33 IST" duration-ms="32891">
      <class name="com.mindtree.runner.TestNGRunner">
        <test-method is-config="true" signature="setUpClass(org.testng.ITestContext)[pri:0, instance:com.mindtree.runner.TestNGRunner@5e2c3d18]" started-at="2023-12-16T17:52:00 IST" name="setUpClass" finished-at="2023-12-16T17:52:01 IST" duration-ms="707" status="PASS">
          <params>
            <param index="0">
              <value>
                <![CDATA[org.testng.TestRunner@5402612e]]>
              </value>
            </param>
          </params>
          <reporter-output>
          </reporter-output>
        </test-method> <!-- setUpClass -->
        <test-method signature="runScenario(io.cucumber.testng.PickleWrapper,io.cucumber.testng.FeatureWrapper)[pri:0, instance:com.mindtree.runner.TestNGRunner@5e2c3d18]" started-at="2023-12-16T17:52:01 IST" name="runScenario" description="Runs Cucumber Scenarios" data-provider="scenarios" finished-at="2023-12-16T17:52:33 IST" duration-ms="32001" status="PASS">
          <params>
            <param index="0">
              <value>
                <![CDATA["login to my account"]]>
              </value>
            </param>
            <param index="1">
              <value>
                <![CDATA["As a user of pet store i want to login to my account"]]>
              </value>
            </param>
          </params>
          <reporter-output>
          </reporter-output>
        </test-method> <!-- runScenario -->
        <test-method is-config="true" signature="tearDownClass()[pri:0, instance:com.mindtree.runner.TestNGRunner@5e2c3d18]" started-at="2023-12-16T17:52:33 IST" name="tearDownClass" finished-at="2023-12-16T17:52:33 IST" duration-ms="126" status="PASS">
          <reporter-output>
          </reporter-output>
        </test-method> <!-- tearDownClass -->
      </class> <!-- com.mindtree.runner.TestNGRunner -->
    </test> <!-- Default test -->
  </suite> <!-- Default suite -->
</testng-results>
